<?xml version="1.0" encoding="UTF-8"?>
<!-- Generated by org.testng.reporters.JUnitReportReporter -->
<testsuite hostname="DESKTOP-FN82SNA" failures="0" tests="1" name="playwright.AlertPlaywright" time="9.223" errors="0" timestamp="2024-04-22T12:27:12 IST" skipped="0">
  <testcase classname="playwright.AlertPlaywright" name="Alert" time="9.223"/>
</testsuite> <!-- playwright.AlertPlaywright -->
