<?xml version="1.0" encoding="UTF-8"?>
<!-- Generated by org.testng.reporters.JUnitReportReporter -->
<testsuite hostname="DESKTOP-FN82SNA" failures="0" tests="1" name="playwright.PlaywrightAlert" time="29.786" errors="0" timestamp="2024-04-24T17:09:19 IST" skipped="0">
  <testcase classname="playwright.PlaywrightAlert" name="Simplealert" time="29.786"/>
</testsuite> <!-- playwright.PlaywrightAlert -->
