<?xml version="1.0" encoding="UTF-8"?>
<!-- Generated by org.testng.reporters.JUnitReportReporter -->
<testsuite hostname="DESKTOP-FN82SNA" failures="0" tests="1" name="playwright.HTTpAuthentication" time="9.108" errors="1" timestamp="2024-04-22T16:16:14 IST" skipped="0">
  <testcase classname="playwright.HTTpAuthentication" name="basicAuth" time="9.108">
    <error message="Error {
  message=&#039;Target page, context or browser has been closed
  name=&#039;TargetClosedError
  stack=&#039;TargetClosedError:Target page, context or browser has been closed
Error
    at captureRawStack (C:\Users\SAI VAMSHI\AppData\Local\Temp\playwright-java-3254493189728852144\package\lib\utils\stackTrace.js:50:17)
    at LongStandingScope._race (C:\Users\SAI VAMSHI\AppData\Local\Temp\playwright-java-3254493189728852144\package\lib\utils\manualPromise.js:91:52)
    at LongStandingScope.race (C:\Users\SAI VAMSHI\AppData\Local\Temp\playwright-java-3254493189728852144\package\lib\utils\manualPromise.js:84:17)
    at FrameDispatcher._handleCommand (C:\Users\SAI VAMSHI\AppData\Local\Temp\playwright-java-3254493189728852144\package\lib\server\dispatchers\dispatcher.js:96:36)
    at DispatcherConnection.dispatch (C:\Users\SAI VAMSHI\AppData\Local\Temp\playwright-java-3254493189728852144\package\lib\server\dispatchers\dispatcher.js:365:39)
}
Call log:
- waiting for locator(&quot;//h3&quot;)
" type="com.microsoft.playwright.PlaywrightException">
      <![CDATA[com.microsoft.playwright.PlaywrightException: Error {
  message='Target page, context or browser has been closed
  name='TargetClosedError
  stack='TargetClosedError:Target page, context or browser has been closed
Error
    at captureRawStack (C:\Users\SAI VAMSHI\AppData\Local\Temp\playwright-java-3254493189728852144\package\lib\utils\stackTrace.js:50:17)
    at LongStandingScope._race (C:\Users\SAI VAMSHI\AppData\Local\Temp\playwright-java-3254493189728852144\package\lib\utils\manualPromise.js:91:52)
    at LongStandingScope.race (C:\Users\SAI VAMSHI\AppData\Local\Temp\playwright-java-3254493189728852144\package\lib\utils\manualPromise.js:84:17)
    at FrameDispatcher._handleCommand (C:\Users\SAI VAMSHI\AppData\Local\Temp\playwright-java-3254493189728852144\package\lib\server\dispatchers\dispatcher.js:96:36)
    at DispatcherConnection.dispatch (C:\Users\SAI VAMSHI\AppData\Local\Temp\playwright-java-3254493189728852144\package\lib\server\dispatchers\dispatcher.js:365:39)
}
Call log:
- waiting for locator("//h3")

at com.microsoft.playwright.impl.WaitableResult.get(WaitableResult.java:54)
at com.microsoft.playwright.impl.ChannelOwner.runUntil(ChannelOwner.java:120)
at com.microsoft.playwright.impl.Connection.sendMessage(Connection.java:130)
at com.microsoft.playwright.impl.ChannelOwner.sendMessage(ChannelOwner.java:106)
at com.microsoft.playwright.impl.FrameImpl.textContentImpl(FrameImpl.java:818)
at com.microsoft.playwright.impl.FrameImpl.lambda$textContent$38(FrameImpl.java:809)
at com.microsoft.playwright.impl.LoggingSupport.withLogging(LoggingSupport.java:47)
at com.microsoft.playwright.impl.ChannelOwner.withLogging(ChannelOwner.java:89)
at com.microsoft.playwright.impl.FrameImpl.textContent(FrameImpl.java:809)
at com.microsoft.playwright.impl.LocatorImpl.textContent(LocatorImpl.java:582)
at com.microsoft.playwright.Locator.textContent(Locator.java:5090)
at playwright.HTTpAuthentication.basicAuth(HTTpAuthentication.java:19)
at java.base/jdk.internal.reflect.NativeMethodAccessorImpl.invoke0(Native Method)
at java.base/jdk.internal.reflect.NativeMethodAccessorImpl.invoke(NativeMethodAccessorImpl.java:77)
at java.base/jdk.internal.reflect.DelegatingMethodAccessorImpl.invoke(DelegatingMethodAccessorImpl.java:43)
at java.base/java.lang.reflect.Method.invoke(Method.java:568)
at org.testng.internal.invokers.MethodInvocationHelper.invokeMethod(MethodInvocationHelper.java:139)
at org.testng.internal.invokers.TestInvoker.invokeMethod(TestInvoker.java:664)
at org.testng.internal.invokers.TestInvoker.invokeTestMethod(TestInvoker.java:228)
at org.testng.internal.invokers.MethodRunner.runInSequence(MethodRunner.java:63)
at org.testng.internal.invokers.TestInvoker$MethodInvocationAgent.invoke(TestInvoker.java:961)
at org.testng.internal.invokers.TestInvoker.invokeTestMethods(TestInvoker.java:201)
at org.testng.internal.invokers.TestMethodWorker.invokeTestMethods(TestMethodWorker.java:148)
at org.testng.internal.invokers.TestMethodWorker.run(TestMethodWorker.java:128)
at java.base/java.util.ArrayList.forEach(ArrayList.java:1511)
at org.testng.TestRunner.privateRun(TestRunner.java:819)
at org.testng.TestRunner.run(TestRunner.java:619)
at org.testng.SuiteRunner.runTest(SuiteRunner.java:443)
at org.testng.SuiteRunner.runSequentially(SuiteRunner.java:437)
at org.testng.SuiteRunner.privateRun(SuiteRunner.java:397)
at org.testng.SuiteRunner.run(SuiteRunner.java:336)
at org.testng.SuiteRunnerWorker.runSuite(SuiteRunnerWorker.java:52)
at org.testng.SuiteRunnerWorker.run(SuiteRunnerWorker.java:95)
at org.testng.TestNG.runSuitesSequentially(TestNG.java:1301)
at org.testng.TestNG.runSuitesLocally(TestNG.java:1228)
at org.testng.TestNG.runSuites(TestNG.java:1134)
at org.testng.TestNG.run(TestNG.java:1101)
at org.testng.remote.AbstractRemoteTestNG.run(AbstractRemoteTestNG.java:115)
at org.testng.remote.RemoteTestNG.initAndRun(RemoteTestNG.java:251)
at org.testng.remote.RemoteTestNG.main(RemoteTestNG.java:77)
Caused by: com.microsoft.playwright.impl.TargetClosedError: Error {
  message='Target page, context or browser has been closed
  name='TargetClosedError
  stack='TargetClosedError:Target page, context or browser has been closed
Error
    at captureRawStack (C:\Users\SAI VAMSHI\AppData\Local\Temp\playwright-java-3254493189728852144\package\lib\utils\stackTrace.js:50:17)
    at LongStandingScope._race (C:\Users\SAI VAMSHI\AppData\Local\Temp\playwright-java-3254493189728852144\package\lib\utils\manualPromise.js:91:52)
    at LongStandingScope.race (C:\Users\SAI VAMSHI\AppData\Local\Temp\playwright-java-3254493189728852144\package\lib\utils\manualPromise.js:84:17)
    at FrameDispatcher._handleCommand (C:\Users\SAI VAMSHI\AppData\Local\Temp\playwright-java-3254493189728852144\package\lib\server\dispatchers\dispatcher.js:96:36)
    at DispatcherConnection.dispatch (C:\Users\SAI VAMSHI\AppData\Local\Temp\playwright-java-3254493189728852144\package\lib\server\dispatchers\dispatcher.js:365:39)
}
Call log:
- waiting for locator("//h3")

at com.microsoft.playwright.impl.Connection.dispatch(Connection.java:256)
at com.microsoft.playwright.impl.Connection.processOneMessage(Connection.java:211)
at com.microsoft.playwright.impl.ChannelOwner.runUntil(ChannelOwner.java:118)
... 38 more
]]>
    </error>
  </testcase> <!-- basicAuth -->
</testsuite> <!-- playwright.HTTpAuthentication -->
