<?xml version="1.0" encoding="UTF-8"?>
<!-- Generated by org.testng.reporters.JUnitReportReporter -->
<testsuite hostname="DESKTOP-FN82SNA" failures="0" tests="1" name="playwright.FramesPlaywright" time="7.989" errors="0" timestamp="2024-04-22T17:13:03 IST" skipped="0">
  <testcase classname="playwright.FramesPlaywright" name="nestedFrames" time="7.989"/>
</testsuite> <!-- playwright.FramesPlaywright -->
