<?xml version="1.0" encoding="UTF-8"?>
<!-- Generated by org.testng.reporters.JUnitReportReporter -->
<testsuite hostname="DESKTOP-FN82SNA" failures="0" tests="1" name="playwright.WindowHandleHyrTutorial" time="20.179" errors="0" timestamp="2024-04-18T16:34:53 IST" skipped="0">
  <testcase classname="playwright.WindowHandleHyrTutorial" name="winHandle" time="20.179"/>
</testsuite> <!-- playwright.WindowHandleHyrTutorial -->
