<?xml version="1.0" encoding="UTF-8"?>
<!-- Generated by org.testng.reporters.JUnitReportReporter -->
<testsuite hostname="DESKTOP-FN82SNA" failures="0" tests="1" name="playwright.WindowHandle" time="12.914" errors="0" timestamp="2024-04-18T15:36:25 IST" skipped="0">
  <testcase classname="playwright.WindowHandle" name="windowHandle" time="12.914"/>
</testsuite> <!-- playwright.WindowHandle -->
